<?xml version="1.0" encoding="UTF-8"?>
<!-- Generated by org.testng.reporters.JUnitXMLReporter -->
<testsuite ignored="0" hostname="LAPTOP-6767CQNH" failures="0" tests="10" name="Default test" time="9.373" errors="0" timestamp="2026-06-04T16:40:13 IST">
  <testcase classname="tests.CreateUserAPI" name="CreateUser" time="2.881"/>
  <testcase classname="tests.CreateUserAPI" name="CreateUser" time="0.947"/>
  <testcase classname="tests.CreateUserAPI" name="CreateUser" time="0.723"/>
  <testcase classname="tests.CreateUserAPI" name="CreateUser" time="0.67"/>
  <testcase classname="tests.CreateUserAPI" name="CreateUser" time="0.541"/>
  <testcase classname="tests.CreateUserAPI" name="CreateUser" time="0.63"/>
  <testcase classname="tests.CreateUserAPI" name="CreateUser" time="0.912"/>
  <testcase classname="tests.CreateUserAPI" name="CreateUser" time="0.358"/>
  <testcase classname="tests.CreateUserAPI" name="CreateUser" time="0.687"/>
  <testcase classname="tests.CreateUserAPI" name="CreateUser" time="0.947"/>
</testsuite> <!-- Default test -->
