<?xml version="1.0" encoding="UTF-8"?>
<testng-results ignored="0" total="1" passed="1" failed="0" skipped="0">
  <reporter-output>
  </reporter-output>
  <suite started-at="2026-05-26T12:45:57 IST" name="Default suite" finished-at="2026-05-26T12:46:00 IST" duration-ms="3533">
    <groups>
    </groups>
    <test started-at="2026-05-26T12:45:57 IST" name="Default test" finished-at="2026-05-26T12:46:00 IST" duration-ms="3533">
      <class name="tests.CreateUserTest_objectMapper">
        <test-method signature="createUserByListOfMaps()[pri:0, instance:tests.CreateUserTest_objectMapper@313ac989]" started-at="2026-05-26T12:45:57 IST" name="createUserByListOfMaps" finished-at="2026-05-26T12:46:00 IST" duration-ms="3495" status="PASS">
          <reporter-output>
          </reporter-output>
        </test-method> <!-- createUserByListOfMaps -->
      </class> <!-- tests.CreateUserTest_objectMapper -->
    </test> <!-- Default test -->
  </suite> <!-- Default suite -->
</testng-results>
