<?xml version="1.0" encoding="UTF-8"?>
<!-- Generated by org.testng.reporters.JUnitReportReporter -->
<testsuite hostname="LAPTOP-6767CQNH" failures="0" tests="10" name="tests.CreateUserAPI" time="9.296" errors="0" timestamp="2026-06-04T16:40:14 IST" skipped="0">
  <testcase classname="tests.CreateUserAPI" name="CreateUser" time="0.687"/>
  <testcase classname="tests.CreateUserAPI" name="CreateUser" time="0.358"/>
  <testcase classname="tests.CreateUserAPI" name="CreateUser" time="0.630"/>
  <testcase classname="tests.CreateUserAPI" name="CreateUser" time="0.912"/>
  <testcase classname="tests.CreateUserAPI" name="CreateUser" time="2.881"/>
  <testcase classname="tests.CreateUserAPI" name="CreateUser" time="0.947"/>
  <testcase classname="tests.CreateUserAPI" name="CreateUser" time="0.947"/>
  <testcase classname="tests.CreateUserAPI" name="CreateUser" time="0.670"/>
  <testcase classname="tests.CreateUserAPI" name="CreateUser" time="0.541"/>
  <testcase classname="tests.CreateUserAPI" name="CreateUser" time="0.723"/>
</testsuite> <!-- tests.CreateUserAPI -->
