<?xml version="1.0" encoding="UTF-8"?>
<!-- Generated by org.testng.reporters.JUnitReportReporter -->
<testsuite hostname="LAPTOP-6767CQNH" failures="0" tests="10" name="tests.CreateUserAPI_DataProvide" time="6.659" errors="0" timestamp="2026-05-25T13:32:10 IST" skipped="0">
  <testcase classname="tests.CreateUserAPI_DataProvide" name="CreateUser" time="0.411"/>
  <testcase classname="tests.CreateUserAPI_DataProvide" name="CreateUser" time="2.144"/>
  <testcase classname="tests.CreateUserAPI_DataProvide" name="CreateUser" time="0.417"/>
  <testcase classname="tests.CreateUserAPI_DataProvide" name="CreateUser" time="0.422"/>
  <testcase classname="tests.CreateUserAPI_DataProvide" name="CreateUser" time="0.402"/>
  <testcase classname="tests.CreateUserAPI_DataProvide" name="CreateUser" time="0.626"/>
  <testcase classname="tests.CreateUserAPI_DataProvide" name="CreateUser" time="0.613"/>
  <testcase classname="tests.CreateUserAPI_DataProvide" name="CreateUser" time="0.813"/>
  <testcase classname="tests.CreateUserAPI_DataProvide" name="CreateUser" time="0.402"/>
  <testcase classname="tests.CreateUserAPI_DataProvide" name="CreateUser" time="0.409"/>
</testsuite> <!-- tests.CreateUserAPI_DataProvide -->
